[22:33:34] [Client thread/INFO]: Setting user: Player428
[22:33:38] [Client thread/INFO]: LWJGL Version: 2.9.4
[22:33:43] [Client thread/INFO]: Reloading ResourceManager: Default, FMLFileResourcePack:Forge Mod Loader, FMLFileResourcePack:Minecraft Forge, FMLFileResourcePack:Main
[22:33:48] [Sound Library Loader/INFO]: Starting up SoundSystem...
[22:33:48] [Thread-7/INFO]: Initializing LWJGL OpenAL
[22:33:48] [Thread-7/INFO]: (The LWJGL binding of OpenAL.  For more information, see http://www.lwjgl.org)
[22:33:48] [Thread-7/INFO]: OpenAL initialized.
[22:33:49] [Sound Library Loader/INFO]: Sound engine started
[22:33:54] [Client thread/INFO]: Created: 16x16 textures-atlas
[22:33:55] [Client thread/INFO]: Reloading ResourceManager: Default, FMLFileResourcePack:Forge Mod Loader, FMLFileResourcePack:Minecraft Forge, FMLFileResourcePack:Main
[22:33:58] [Client thread/INFO]: SoundSystem shutting down...
[22:33:58] [Client thread/WARN]: Author: Paul Lamb, www.paulscode.com
[22:33:58] [Sound Library Loader/INFO]: Starting up SoundSystem...
[22:33:58] [Thread-9/INFO]: Initializing LWJGL OpenAL
[22:33:58] [Thread-9/INFO]: (The LWJGL binding of OpenAL.  For more information, see http://www.lwjgl.org)
[22:33:58] [Thread-9/INFO]: OpenAL initialized.
[22:33:59] [Sound Library Loader/INFO]: Sound engine started
[22:34:03] [Client thread/INFO]: Created: 512x512 textures-atlas
[22:34:05] [Realms Notification Availability checker #1/INFO]: Could not authorize you against Realms server: Invalid session id
[22:34:09] [Client thread/INFO]: Stopping!
[22:34:09] [Client thread/INFO]: SoundSystem shutting down...
[22:34:09] [Client thread/WARN]: Author: Paul Lamb, www.paulscode.com
